[INFO  - 2017-03-29T01:57:47.567Z] GhostDriver - Main - running on port 50007
[INFO  - 2017-03-29T01:57:48.557Z] Session [1c12e260-1423-11e7-bb10-3b21b69b4b8a] - page.settings - {"XSSAuditingEnabled":false,"javascriptCanCloseWindows":true,"javascriptCanOpenWindows":true,"javascriptEnabled":true,"loadImages":true,"localToRemoteUrlAccessEnabled":false,"userAgent":"Mozilla/5.0 (Macintosh; Intel Mac OS X) AppleWebKit/538.1 (KHTML, like Gecko) PhantomJS/2.1.1 Safari/538.1","webSecurityEnabled":true}
[INFO  - 2017-03-29T01:57:48.557Z] Session [1c12e260-1423-11e7-bb10-3b21b69b4b8a] - page.customHeaders:  - {}
[INFO  - 2017-03-29T01:57:48.557Z] Session [1c12e260-1423-11e7-bb10-3b21b69b4b8a] - Session.negotiatedCapabilities - {"browserName":"phantomjs","version":"2.1.1","driverName":"ghostdriver","driverVersion":"1.2.0","platform":"mac-10.11 (El Capitan)-64bit","javascriptEnabled":true,"takesScreenshot":true,"handlesAlerts":false,"databaseEnabled":false,"locationContextEnabled":false,"applicationCacheEnabled":false,"browserConnectionEnabled":false,"cssSelectorsEnabled":true,"webStorageEnabled":false,"rotatable":false,"acceptSslCerts":false,"nativeEvents":true,"proxy":{"proxyType":"direct"}}
[INFO  - 2017-03-29T01:57:48.557Z] SessionManagerReqHand - _postNewSessionCommand - New Session Created: 1c12e260-1423-11e7-bb10-3b21b69b4b8a
[ERROR - 2017-03-29T01:57:54.240Z] Session [1c12e260-1423-11e7-bb10-3b21b69b4b8a] - page.onError - msg: TypeError: undefined is not an object (evaluating 'e.keyCode')

  phantomjs://platform/console++.js:263 in error
[ERROR - 2017-03-29T01:57:54.240Z] Session [1c12e260-1423-11e7-bb10-3b21b69b4b8a] - page.onError - stack:
  CatchEnter (https://www.supertracker.usda.gov/MealSummaryReport.aspx:127)
  onkeydown (https://www.supertracker.usda.gov/MealSummaryReport.aspx:1116)
  sendEvent (:0)
  _keyEvent (phantomjs://code/inputs.js:325)
  _pressKey (phantomjs://code/inputs.js:280)
  _sendKeys (phantomjs://code/inputs.js:237)
  _postValueCommand (phantomjs://code/webelement_request_handler.js:288)
  _handle (phantomjs://code/webelement_request_handler.js:72)
  _reroute (phantomjs://code/request_handler.js:61)
  _handle (phantomjs://code/session_request_handler.js:120)
  _reroute (phantomjs://code/request_handler.js:61)
  _handle (phantomjs://code/router_request_handler.js:78)

  phantomjs://platform/console++.js:263 in error
[ERROR - 2017-03-29T01:57:54.242Z] Session [1c12e260-1423-11e7-bb10-3b21b69b4b8a] - page.onError - msg: TypeError: undefined is not an object (evaluating 'e.keyCode')

  phantomjs://platform/console++.js:263 in error
[ERROR - 2017-03-29T01:57:54.242Z] Session [1c12e260-1423-11e7-bb10-3b21b69b4b8a] - page.onError - stack:
  CatchEnter (https://www.supertracker.usda.gov/MealSummaryReport.aspx:127)
  onkeydown (https://www.supertracker.usda.gov/MealSummaryReport.aspx:1116)
  sendEvent (:0)
  _keyEvent (phantomjs://code/inputs.js:325)
  _pressKey (phantomjs://code/inputs.js:280)
  _sendKeys (phantomjs://code/inputs.js:237)
  _postValueCommand (phantomjs://code/webelement_request_handler.js:288)
  _handle (phantomjs://code/webelement_request_handler.js:72)
  _reroute (phantomjs://code/request_handler.js:61)
  _handle (phantomjs://code/session_request_handler.js:120)
  _reroute (phantomjs://code/request_handler.js:61)
  _handle (phantomjs://code/router_request_handler.js:78)

  phantomjs://platform/console++.js:263 in error
[ERROR - 2017-03-29T01:57:54.243Z] Session [1c12e260-1423-11e7-bb10-3b21b69b4b8a] - page.onError - msg: TypeError: undefined is not an object (evaluating 'e.keyCode')

  phantomjs://platform/console++.js:263 in error
[ERROR - 2017-03-29T01:57:54.243Z] Session [1c12e260-1423-11e7-bb10-3b21b69b4b8a] - page.onError - stack:
  CatchEnter (https://www.supertracker.usda.gov/MealSummaryReport.aspx:127)
  onkeydown (https://www.supertracker.usda.gov/MealSummaryReport.aspx:1116)
  sendEvent (:0)
  _keyEvent (phantomjs://code/inputs.js:325)
  _pressKey (phantomjs://code/inputs.js:280)
  _sendKeys (phantomjs://code/inputs.js:237)
  _postValueCommand (phantomjs://code/webelement_request_handler.js:288)
  _handle (phantomjs://code/webelement_request_handler.js:72)
  _reroute (phantomjs://code/request_handler.js:61)
  _handle (phantomjs://code/session_request_handler.js:120)
  _reroute (phantomjs://code/request_handler.js:61)
  _handle (phantomjs://code/router_request_handler.js:78)

  phantomjs://platform/console++.js:263 in error
[ERROR - 2017-03-29T01:57:54.245Z] Session [1c12e260-1423-11e7-bb10-3b21b69b4b8a] - page.onError - msg: TypeError: undefined is not an object (evaluating 'e.keyCode')

  phantomjs://platform/console++.js:263 in error
[ERROR - 2017-03-29T01:57:54.245Z] Session [1c12e260-1423-11e7-bb10-3b21b69b4b8a] - page.onError - stack:
  CatchEnter (https://www.supertracker.usda.gov/MealSummaryReport.aspx:127)
  onkeydown (https://www.supertracker.usda.gov/MealSummaryReport.aspx:1116)
  sendEvent (:0)
  _keyEvent (phantomjs://code/inputs.js:325)
  _pressKey (phantomjs://code/inputs.js:280)
  _sendKeys (phantomjs://code/inputs.js:237)
  _postValueCommand (phantomjs://code/webelement_request_handler.js:288)
  _handle (phantomjs://code/webelement_request_handler.js:72)
  _reroute (phantomjs://code/request_handler.js:61)
  _handle (phantomjs://code/session_request_handler.js:120)
  _reroute (phantomjs://code/request_handler.js:61)
  _handle (phantomjs://code/router_request_handler.js:78)

  phantomjs://platform/console++.js:263 in error
[ERROR - 2017-03-29T01:57:54.246Z] Session [1c12e260-1423-11e7-bb10-3b21b69b4b8a] - page.onError - msg: TypeError: undefined is not an object (evaluating 'e.keyCode')

  phantomjs://platform/console++.js:263 in error
[ERROR - 2017-03-29T01:57:54.246Z] Session [1c12e260-1423-11e7-bb10-3b21b69b4b8a] - page.onError - stack:
  CatchEnter (https://www.supertracker.usda.gov/MealSummaryReport.aspx:127)
  onkeydown (https://www.supertracker.usda.gov/MealSummaryReport.aspx:1116)
  sendEvent (:0)
  _keyEvent (phantomjs://code/inputs.js:325)
  _pressKey (phantomjs://code/inputs.js:280)
  _sendKeys (phantomjs://code/inputs.js:237)
  _postValueCommand (phantomjs://code/webelement_request_handler.js:288)
  _handle (phantomjs://code/webelement_request_handler.js:72)
  _reroute (phantomjs://code/request_handler.js:61)
  _handle (phantomjs://code/session_request_handler.js:120)
  _reroute (phantomjs://code/request_handler.js:61)
  _handle (phantomjs://code/router_request_handler.js:78)

  phantomjs://platform/console++.js:263 in error
[ERROR - 2017-03-29T01:57:54.247Z] Session [1c12e260-1423-11e7-bb10-3b21b69b4b8a] - page.onError - msg: TypeError: undefined is not an object (evaluating 'e.keyCode')

  phantomjs://platform/console++.js:263 in error
[ERROR - 2017-03-29T01:57:54.247Z] Session [1c12e260-1423-11e7-bb10-3b21b69b4b8a] - page.onError - stack:
  CatchEnter (https://www.supertracker.usda.gov/MealSummaryReport.aspx:127)
  onkeydown (https://www.supertracker.usda.gov/MealSummaryReport.aspx:1116)
  sendEvent (:0)
  _keyEvent (phantomjs://code/inputs.js:325)
  _pressKey (phantomjs://code/inputs.js:280)
  _sendKeys (phantomjs://code/inputs.js:237)
  _postValueCommand (phantomjs://code/webelement_request_handler.js:288)
  _handle (phantomjs://code/webelement_request_handler.js:72)
  _reroute (phantomjs://code/request_handler.js:61)
  _handle (phantomjs://code/session_request_handler.js:120)
  _reroute (phantomjs://code/request_handler.js:61)
  _handle (phantomjs://code/router_request_handler.js:78)

  phantomjs://platform/console++.js:263 in error
[ERROR - 2017-03-29T01:57:54.248Z] Session [1c12e260-1423-11e7-bb10-3b21b69b4b8a] - page.onError - msg: TypeError: undefined is not an object (evaluating 'e.keyCode')

  phantomjs://platform/console++.js:263 in error
[ERROR - 2017-03-29T01:57:54.248Z] Session [1c12e260-1423-11e7-bb10-3b21b69b4b8a] - page.onError - stack:
  CatchEnter (https://www.supertracker.usda.gov/MealSummaryReport.aspx:127)
  onkeydown (https://www.supertracker.usda.gov/MealSummaryReport.aspx:1116)
  sendEvent (:0)
  _keyEvent (phantomjs://code/inputs.js:325)
  _pressKey (phantomjs://code/inputs.js:280)
  _sendKeys (phantomjs://code/inputs.js:237)
  _postValueCommand (phantomjs://code/webelement_request_handler.js:288)
  _handle (phantomjs://code/webelement_request_handler.js:72)
  _reroute (phantomjs://code/request_handler.js:61)
  _handle (phantomjs://code/session_request_handler.js:120)
  _reroute (phantomjs://code/request_handler.js:61)
  _handle (phantomjs://code/router_request_handler.js:78)

  phantomjs://platform/console++.js:263 in error
[ERROR - 2017-03-29T01:57:54.249Z] Session [1c12e260-1423-11e7-bb10-3b21b69b4b8a] - page.onError - msg: TypeError: undefined is not an object (evaluating 'e.keyCode')

  phantomjs://platform/console++.js:263 in error
[ERROR - 2017-03-29T01:57:54.249Z] Session [1c12e260-1423-11e7-bb10-3b21b69b4b8a] - page.onError - stack:
  CatchEnter (https://www.supertracker.usda.gov/MealSummaryReport.aspx:127)
  onkeydown (https://www.supertracker.usda.gov/MealSummaryReport.aspx:1116)
  sendEvent (:0)
  _keyEvent (phantomjs://code/inputs.js:325)
  _pressKey (phantomjs://code/inputs.js:280)
  _sendKeys (phantomjs://code/inputs.js:237)
  _postValueCommand (phantomjs://code/webelement_request_handler.js:288)
  _handle (phantomjs://code/webelement_request_handler.js:72)
  _reroute (phantomjs://code/request_handler.js:61)
  _handle (phantomjs://code/session_request_handler.js:120)
  _reroute (phantomjs://code/request_handler.js:61)
  _handle (phantomjs://code/router_request_handler.js:78)

  phantomjs://platform/console++.js:263 in error
[ERROR - 2017-03-29T01:57:54.348Z] Session [1c12e260-1423-11e7-bb10-3b21b69b4b8a] - page.onError - msg: TypeError: undefined is not an object (evaluating 'e.keyCode')

  phantomjs://platform/console++.js:263 in error
[ERROR - 2017-03-29T01:57:54.348Z] Session [1c12e260-1423-11e7-bb10-3b21b69b4b8a] - page.onError - stack:
  CatchEnter (https://www.supertracker.usda.gov/MealSummaryReport.aspx:127)
  onkeydown (https://www.supertracker.usda.gov/MealSummaryReport.aspx:1124)
  sendEvent (:0)
  _keyEvent (phantomjs://code/inputs.js:325)
  _pressKey (phantomjs://code/inputs.js:280)
  _sendKeys (phantomjs://code/inputs.js:237)
  _postValueCommand (phantomjs://code/webelement_request_handler.js:288)
  _handle (phantomjs://code/webelement_request_handler.js:72)
  _reroute (phantomjs://code/request_handler.js:61)
  _handle (phantomjs://code/session_request_handler.js:120)
  _reroute (phantomjs://code/request_handler.js:61)
  _handle (phantomjs://code/router_request_handler.js:78)

  phantomjs://platform/console++.js:263 in error
[ERROR - 2017-03-29T01:57:54.349Z] Session [1c12e260-1423-11e7-bb10-3b21b69b4b8a] - page.onError - msg: TypeError: undefined is not an object (evaluating 'e.keyCode')

  phantomjs://platform/console++.js:263 in error
[ERROR - 2017-03-29T01:57:54.349Z] Session [1c12e260-1423-11e7-bb10-3b21b69b4b8a] - page.onError - stack:
  CatchEnter (https://www.supertracker.usda.gov/MealSummaryReport.aspx:127)
  onkeydown (https://www.supertracker.usda.gov/MealSummaryReport.aspx:1124)
  sendEvent (:0)
  _keyEvent (phantomjs://code/inputs.js:325)
  _pressKey (phantomjs://code/inputs.js:280)
  _sendKeys (phantomjs://code/inputs.js:237)
  _postValueCommand (phantomjs://code/webelement_request_handler.js:288)
  _handle (phantomjs://code/webelement_request_handler.js:72)
  _reroute (phantomjs://code/request_handler.js:61)
  _handle (phantomjs://code/session_request_handler.js:120)
  _reroute (phantomjs://code/request_handler.js:61)
  _handle (phantomjs://code/router_request_handler.js:78)

  phantomjs://platform/console++.js:263 in error
[ERROR - 2017-03-29T01:57:54.356Z] Session [1c12e260-1423-11e7-bb10-3b21b69b4b8a] - page.onError - msg: TypeError: undefined is not an object (evaluating 'e.keyCode')

  phantomjs://platform/console++.js:263 in error
[ERROR - 2017-03-29T01:57:54.356Z] Session [1c12e260-1423-11e7-bb10-3b21b69b4b8a] - page.onError - stack:
  CatchEnter (https://www.supertracker.usda.gov/MealSummaryReport.aspx:127)
  onkeydown (https://www.supertracker.usda.gov/MealSummaryReport.aspx:1124)
  sendEvent (:0)
  _keyEvent (phantomjs://code/inputs.js:325)
  _pressKey (phantomjs://code/inputs.js:280)
  _sendKeys (phantomjs://code/inputs.js:237)
  _postValueCommand (phantomjs://code/webelement_request_handler.js:288)
  _handle (phantomjs://code/webelement_request_handler.js:72)
  _reroute (phantomjs://code/request_handler.js:61)
  _handle (phantomjs://code/session_request_handler.js:120)
  _reroute (phantomjs://code/request_handler.js:61)
  _handle (phantomjs://code/router_request_handler.js:78)

  phantomjs://platform/console++.js:263 in error
[ERROR - 2017-03-29T01:57:54.357Z] Session [1c12e260-1423-11e7-bb10-3b21b69b4b8a] - page.onError - msg: TypeError: undefined is not an object (evaluating 'e.keyCode')

  phantomjs://platform/console++.js:263 in error
[ERROR - 2017-03-29T01:57:54.357Z] Session [1c12e260-1423-11e7-bb10-3b21b69b4b8a] - page.onError - stack:
  CatchEnter (https://www.supertracker.usda.gov/MealSummaryReport.aspx:127)
  onkeydown (https://www.supertracker.usda.gov/MealSummaryReport.aspx:1124)
  sendEvent (:0)
  _keyEvent (phantomjs://code/inputs.js:325)
  _pressKey (phantomjs://code/inputs.js:280)
  _sendKeys (phantomjs://code/inputs.js:237)
  _postValueCommand (phantomjs://code/webelement_request_handler.js:288)
  _handle (phantomjs://code/webelement_request_handler.js:72)
  _reroute (phantomjs://code/request_handler.js:61)
  _handle (phantomjs://code/session_request_handler.js:120)
  _reroute (phantomjs://code/request_handler.js:61)
  _handle (phantomjs://code/router_request_handler.js:78)

  phantomjs://platform/console++.js:263 in error
[ERROR - 2017-03-29T01:57:54.359Z] Session [1c12e260-1423-11e7-bb10-3b21b69b4b8a] - page.onError - msg: TypeError: undefined is not an object (evaluating 'e.keyCode')

  phantomjs://platform/console++.js:263 in error
[ERROR - 2017-03-29T01:57:54.359Z] Session [1c12e260-1423-11e7-bb10-3b21b69b4b8a] - page.onError - stack:
  CatchEnter (https://www.supertracker.usda.gov/MealSummaryReport.aspx:127)
  onkeydown (https://www.supertracker.usda.gov/MealSummaryReport.aspx:1124)
  sendEvent (:0)
  _keyEvent (phantomjs://code/inputs.js:325)
  _pressKey (phantomjs://code/inputs.js:280)
  _sendKeys (phantomjs://code/inputs.js:237)
  _postValueCommand (phantomjs://code/webelement_request_handler.js:288)
  _handle (phantomjs://code/webelement_request_handler.js:72)
  _reroute (phantomjs://code/request_handler.js:61)
  _handle (phantomjs://code/session_request_handler.js:120)
  _reroute (phantomjs://code/request_handler.js:61)
  _handle (phantomjs://code/router_request_handler.js:78)

  phantomjs://platform/console++.js:263 in error
[ERROR - 2017-03-29T01:57:54.360Z] Session [1c12e260-1423-11e7-bb10-3b21b69b4b8a] - page.onError - msg: TypeError: undefined is not an object (evaluating 'e.keyCode')

  phantomjs://platform/console++.js:263 in error
[ERROR - 2017-03-29T01:57:54.360Z] Session [1c12e260-1423-11e7-bb10-3b21b69b4b8a] - page.onError - stack:
  CatchEnter (https://www.supertracker.usda.gov/MealSummaryReport.aspx:127)
  onkeydown (https://www.supertracker.usda.gov/MealSummaryReport.aspx:1124)
  sendEvent (:0)
  _keyEvent (phantomjs://code/inputs.js:325)
  _pressKey (phantomjs://code/inputs.js:280)
  _sendKeys (phantomjs://code/inputs.js:237)
  _postValueCommand (phantomjs://code/webelement_request_handler.js:288)
  _handle (phantomjs://code/webelement_request_handler.js:72)
  _reroute (phantomjs://code/request_handler.js:61)
  _handle (phantomjs://code/session_request_handler.js:120)
  _reroute (phantomjs://code/request_handler.js:61)
  _handle (phantomjs://code/router_request_handler.js:78)

  phantomjs://platform/console++.js:263 in error
[ERROR - 2017-03-29T01:57:54.362Z] Session [1c12e260-1423-11e7-bb10-3b21b69b4b8a] - page.onError - msg: TypeError: undefined is not an object (evaluating 'e.keyCode')

  phantomjs://platform/console++.js:263 in error
[ERROR - 2017-03-29T01:57:54.362Z] Session [1c12e260-1423-11e7-bb10-3b21b69b4b8a] - page.onError - stack:
  CatchEnter (https://www.supertracker.usda.gov/MealSummaryReport.aspx:127)
  onkeydown (https://www.supertracker.usda.gov/MealSummaryReport.aspx:1124)
  sendEvent (:0)
  _keyEvent (phantomjs://code/inputs.js:325)
  _pressKey (phantomjs://code/inputs.js:280)
  _sendKeys (phantomjs://code/inputs.js:237)
  _postValueCommand (phantomjs://code/webelement_request_handler.js:288)
  _handle (phantomjs://code/webelement_request_handler.js:72)
  _reroute (phantomjs://code/request_handler.js:61)
  _handle (phantomjs://code/session_request_handler.js:120)
  _reroute (phantomjs://code/request_handler.js:61)
  _handle (phantomjs://code/router_request_handler.js:78)

  phantomjs://platform/console++.js:263 in error
[ERROR - 2017-03-29T01:57:54.363Z] Session [1c12e260-1423-11e7-bb10-3b21b69b4b8a] - page.onError - msg: TypeError: undefined is not an object (evaluating 'e.keyCode')

  phantomjs://platform/console++.js:263 in error
[ERROR - 2017-03-29T01:57:54.363Z] Session [1c12e260-1423-11e7-bb10-3b21b69b4b8a] - page.onError - stack:
  CatchEnter (https://www.supertracker.usda.gov/MealSummaryReport.aspx:127)
  onkeydown (https://www.supertracker.usda.gov/MealSummaryReport.aspx:1124)
  sendEvent (:0)
  _keyEvent (phantomjs://code/inputs.js:325)
  _pressKey (phantomjs://code/inputs.js:280)
  _sendKeys (phantomjs://code/inputs.js:237)
  _postValueCommand (phantomjs://code/webelement_request_handler.js:288)
  _handle (phantomjs://code/webelement_request_handler.js:72)
  _reroute (phantomjs://code/request_handler.js:61)
  _handle (phantomjs://code/session_request_handler.js:120)
  _reroute (phantomjs://code/request_handler.js:61)
  _handle (phantomjs://code/router_request_handler.js:78)

  phantomjs://platform/console++.js:263 in error
